{"name": "Проверка увеличения счетчика заказов, выполненных за все время\"", "status": "broken", "statusDetails": {"message": "selenium.common.exceptions.ElementClickInterceptedException: Message: Element <p class=\"AppHeader_header__linkText__3q_va ml-2\"> is not clickable at point (300,44) because another element <div class=\"Modal_modal__contentBox__sCy8X pt-30 pb-30\"> obscures it\nStacktrace:\nRemoteError@chrome://remote/content/shared/RemoteError.sys.mjs:8:8\nWebDriverError@chrome://remote/content/shared/webdriver/Errors.sys.mjs:193:5\nElementClickInterceptedError@chrome://remote/content/shared/webdriver/Errors.sys.mjs:337:5\nwebdriverClickElement@chrome://remote/content/marionette/interaction.sys.mjs:177:11\ninteraction.clickElement@chrome://remote/content/marionette/interaction.sys.mjs:136:11\nclickElement@chrome://remote/content/marionette/actors/MarionetteCommandsChild.sys.mjs:205:29\nreceiveMessage@chrome://remote/content/marionette/actors/MarionetteCommandsChild.sys.mjs:85:31", "trace": "self = <test_order_feed_page.TestOrderFeed object at 0x00000166F19FFC80>, request = <FixtureRequest for <Function test_counter_all_time[driver_firefox]>>\nany_driver = 'driver_firefox'\n\n    @allure.title('Проверка увеличения счетчика заказов, выполненных за все время\"')\n    @allure.description('Логинимся, оформляем заказ, проверяем что счетчик заказов за все время \\\n                                увеличился на 1')\n    @pytest.mark.parametrize('any_driver', ['driver_firefox', 'driver_chrome'])\n    def test_counter_all_time(self, request, any_driver):\n        driver = request.getfixturevalue(any_driver)\n        order_feed_page = OrdersFeedPage(driver)\n        order_feed_page.login()\n        order_feed_page.go_to_order_feed()\n        before = order_feed_page.get_count_all_time()\n        order_feed_page.go_to_constructor()\n        order_feed_page.create_order()\n>       order_feed_page.go_to_orders_feed_from_order_info()\n\ntests\\test_order_feed_page.py:41: \n_ _ _ _ _ _ _ _ _ _ _ _ _ _ _ _ _ _ _ _ _ _ _ _ _ _ _ _ _ _ _ _ _ _ _ _ _ _ _ _ _ _ _ _ _ _ _ _ _ _ _ _ _ _ _ _ _ _ _ _ _ _ _ _ _ _ _ _ _ _ _ _ _ _ _ _ _ _ _ _ _ _ _ _ _ _ _ _ _ _\npages\\order_feed_page.py:55: in go_to_orders_feed_from_order_info\n    self.click_on_element(OrderFeedPageLocator.ORDERS_FEED_BUTTON)\npages\\base_page.py:26: in click_on_element\n    self.wait_and_find_element(locator).click()\n.venv\\Lib\\site-packages\\selenium\\webdriver\\remote\\webelement.py:94: in click\n    self._execute(Command.CLICK_ELEMENT)\n.venv\\Lib\\site-packages\\selenium\\webdriver\\remote\\webelement.py:395: in _execute\n    return self._parent.execute(command, params)\n.venv\\Lib\\site-packages\\selenium\\webdriver\\remote\\webdriver.py:354: in execute\n    self.error_handler.check_response(response)\n_ _ _ _ _ _ _ _ _ _ _ _ _ _ _ _ _ _ _ _ _ _ _ _ _ _ _ _ _ _ _ _ _ _ _ _ _ _ _ _ _ _ _ _ _ _ _ _ _ _ _ _ _ _ _ _ _ _ _ _ _ _ _ _ _ _ _ _ _ _ _ _ _ _ _ _ _ _ _ _ _ _ _ _ _ _ _ _ _ _\n\nself = <selenium.webdriver.remote.errorhandler.ErrorHandler object at 0x00000166F1A6FC50>\nresponse = {'status': 400, 'value': '{\"value\":{\"error\":\"element click intercepted\",\"message\":\"Element <p class=\\\\\"AppHeader_heade...sys.mjs:205:29\\\\nreceiveMessage@chrome://remote/content/marionette/actors/MarionetteCommandsChild.sys.mjs:85:31\\\\n\"}}'}\n\n    def check_response(self, response: Dict[str, Any]) -> None:\n        \"\"\"Checks that a JSON response from the WebDriver does not have an\n        error.\n    \n        :Args:\n         - response - The JSON response from the WebDriver server as a dictionary\n           object.\n    \n        :Raises: If the response contains an error message.\n        \"\"\"\n        status = response.get(\"status\", None)\n        if not status or status == ErrorCode.SUCCESS:\n            return\n        value = None\n        message = response.get(\"message\", \"\")\n        screen: str = response.get(\"screen\", \"\")\n        stacktrace = None\n        if isinstance(status, int):\n            value_json = response.get(\"value\", None)\n            if value_json and isinstance(value_json, str):\n                import json\n    \n                try:\n                    value = json.loads(value_json)\n                    if len(value) == 1:\n                        value = value[\"value\"]\n                    status = value.get(\"error\", None)\n                    if not status:\n                        status = value.get(\"status\", ErrorCode.UNKNOWN_ERROR)\n                        message = value.get(\"value\") or value.get(\"message\")\n                        if not isinstance(message, str):\n                            value = message\n                            message = message.get(\"message\")\n                    else:\n                        message = value.get(\"message\", None)\n                except ValueError:\n                    pass\n    \n        exception_class: Type[WebDriverException]\n        e = ErrorCode()\n        error_codes = [item for item in dir(e) if not item.startswith(\"__\")]\n        for error_code in error_codes:\n            error_info = getattr(ErrorCode, error_code)\n            if isinstance(error_info, list) and status in error_info:\n                exception_class = getattr(ExceptionMapping, error_code, WebDriverException)\n                break\n        else:\n            exception_class = WebDriverException\n    \n        if not value:\n            value = response[\"value\"]\n        if isinstance(value, str):\n            raise exception_class(value)\n        if message == \"\" and \"message\" in value:\n            message = value[\"message\"]\n    \n        screen = None  # type: ignore[assignment]\n        if \"screen\" in value:\n            screen = value[\"screen\"]\n    \n        stacktrace = None\n        st_value = value.get(\"stackTrace\") or value.get(\"stacktrace\")\n        if st_value:\n            if isinstance(st_value, str):\n                stacktrace = st_value.split(\"\\n\")\n            else:\n                stacktrace = []\n                try:\n                    for frame in st_value:\n                        line = frame.get(\"lineNumber\", \"\")\n                        file = frame.get(\"fileName\", \"<anonymous>\")\n                        if line:\n                            file = f\"{file}:{line}\"\n                        meth = frame.get(\"methodName\", \"<anonymous>\")\n                        if \"className\" in frame:\n                            meth = f\"{frame['className']}.{meth}\"\n                        msg = \"    at %s (%s)\"\n                        msg = msg % (meth, file)\n                        stacktrace.append(msg)\n                except TypeError:\n                    pass\n        if exception_class == UnexpectedAlertPresentException:\n            alert_text = None\n            if \"data\" in value:\n                alert_text = value[\"data\"].get(\"text\")\n            elif \"alert\" in value:\n                alert_text = value[\"alert\"].get(\"text\")\n            raise exception_class(message, screen, stacktrace, alert_text)  # type: ignore[call-arg]  # mypy is not smart enough here\n>       raise exception_class(message, screen, stacktrace)\nE       selenium.common.exceptions.ElementClickInterceptedException: Message: Element <p class=\"AppHeader_header__linkText__3q_va ml-2\"> is not clickable at point (300,44) because another element <div class=\"Modal_modal__contentBox__sCy8X pt-30 pb-30\"> obscures it\nE       Stacktrace:\nE       RemoteError@chrome://remote/content/shared/RemoteError.sys.mjs:8:8\nE       WebDriverError@chrome://remote/content/shared/webdriver/Errors.sys.mjs:193:5\nE       ElementClickInterceptedError@chrome://remote/content/shared/webdriver/Errors.sys.mjs:337:5\nE       webdriverClickElement@chrome://remote/content/marionette/interaction.sys.mjs:177:11\nE       interaction.clickElement@chrome://remote/content/marionette/interaction.sys.mjs:136:11\nE       clickElement@chrome://remote/content/marionette/actors/MarionetteCommandsChild.sys.mjs:205:29\nE       receiveMessage@chrome://remote/content/marionette/actors/MarionetteCommandsChild.sys.mjs:85:31\n\n.venv\\Lib\\site-packages\\selenium\\webdriver\\remote\\errorhandler.py:229: ElementClickInterceptedException"}, "description": "Логинимся, оформляем заказ, проверяем что счетчик заказов за все время                                 увеличился на 1", "steps": [{"name": "Переход на страницу авторизации, ввод почты и пароля, авторизация", "status": "passed", "steps": [{"name": "Клик по элементу", "status": "passed", "steps": [{"name": "Поиск элемента", "status": "passed", "parameters": [{"name": "locator", "value": "('xpath', \".//button[text()= 'Войти в аккаунт']\")"}], "start": 1722536173228, "stop": 1722536173242}], "parameters": [{"name": "locator", "value": "('xpath', \".//button[text()= 'Войти в аккаунт']\")"}, {"name": "layer_to_wait", "value": "('xpath', \".//*[contains(@class, 'Modal_modal__loading')]/following::div[@class='Modal_modal_overlay__x2ZCr']\")"}], "start": 1722536173209, "stop": 1722536173478}, {"name": "Добавить текст в поле элемента", "status": "passed", "steps": [{"name": "Поиск элемента", "status": "passed", "parameters": [{"name": "locator", "value": "('xpath', \".//label[text()= 'Email']/parent::div/input\")"}], "start": 1722536173478, "stop": 1722536173488}], "parameters": [{"name": "locator", "value": "('xpath', \".//label[text()= 'Email']/parent::div/input\")"}, {"name": "text", "value": "'inna_kalacheva_diplom@yandex.ru'"}], "start": 1722536173478, "stop": 1722536173540}, {"name": "Добавить текст в поле элемента", "status": "passed", "steps": [{"name": "Поиск элемента", "status": "passed", "parameters": [{"name": "locator", "value": "('xpath', \".//label[text()= 'Пароль']/parent::div/input\")"}], "start": 1722536173540, "stop": 1722536173547}], "parameters": [{"name": "locator", "value": "('xpath', \".//label[text()= 'Пароль']/parent::div/input\")"}, {"name": "text", "value": "'diplom_3'"}], "start": 1722536173540, "stop": 1722536173559}, {"name": "Клик по элементу", "status": "passed", "steps": [{"name": "Поиск элемента", "status": "passed", "parameters": [{"name": "locator", "value": "('xpath', \"//button[text()= 'Войти']\")"}], "start": 1722536173564, "stop": 1722536173574}], "parameters": [{"name": "locator", "value": "('xpath', \"//button[text()= 'Войти']\")"}, {"name": "layer_to_wait", "value": "('xpath', \".//*[contains(@class, 'Modal_modal__loading')]/following::div[@class='Modal_modal_overlay__x2ZCr']\")"}], "start": 1722536173559, "stop": 1722536173784}], "start": 1722536173209, "stop": 1722536173784}, {"name": "Переход на старницу Лента заказов", "status": "passed", "steps": [{"name": "Клик по элементу", "status": "passed", "steps": [{"name": "Поиск элемента", "status": "passed", "parameters": [{"name": "locator", "value": "('xpath', \".//p[text()= 'Лента Заказов']\")"}], "start": 1722536174304, "stop": 1722536174312}], "parameters": [{"name": "locator", "value": "('xpath', \".//p[text()= 'Лента Заказов']\")"}, {"name": "layer_to_wait", "value": "('xpath', \".//*[contains(@class, 'Modal_modal__loading')]/following::div[@class='Modal_modal_overlay__x2ZCr']\")"}], "start": 1722536173784, "stop": 1722536174540}], "start": 1722536173784, "stop": 1722536174540}, {"name": "Получение количества заказов за все время", "status": "passed", "steps": [{"name": "Получение текста элемента", "status": "passed", "steps": [{"name": "Поиск элемента", "status": "passed", "parameters": [{"name": "locator", "value": "('xpath', \"//*[text()='Выполнено за все время:']/following-sibling::p\")"}], "start": 1722536174540, "stop": 1722536175053}], "parameters": [{"name": "locator", "value": "('xpath', \"//*[text()='Выполнено за все время:']/following-sibling::p\")"}], "start": 1722536174540, "stop": 1722536175060}], "start": 1722536174540, "stop": 1722536175060}, {"name": "Переход в Конструктор", "status": "passed", "steps": [{"name": "Клик по элементу", "status": "passed", "steps": [{"name": "Поиск элемента", "status": "passed", "parameters": [{"name": "locator", "value": "('xpath', \".//a[contains(@class, 'AppHeader_header__link') and @href= '/']\")"}], "start": 1722536175064, "stop": 1722536175072}], "parameters": [{"name": "locator", "value": "('xpath', \".//a[contains(@class, 'AppHeader_header__link') and @href= '/']\")"}, {"name": "layer_to_wait", "value": "('xpath', \".//*[contains(@class, 'Modal_modal__loading')]/following::div[@class='Modal_modal_overlay__x2ZCr']\")"}], "start": 1722536175060, "stop": 1722536175285}], "start": 1722536175060, "stop": 1722536175285}, {"name": "Добавление ингредиента в корзину,создание заказа", "status": "passed", "steps": [{"name": "Перетаскивание элемента в другой элемент", "status": "passed", "steps": [{"name": "Поиск элемента", "status": "passed", "parameters": [{"name": "locator", "value": "('xpath', \".//p[text()= 'Флюоресцентная булка R2-D3']\")"}], "start": 1722536175286, "stop": 1722536175296}, {"name": "Поиск элемента", "status": "passed", "parameters": [{"name": "locator", "value": "('xpath', \".//span[text()= 'Перетяните булочку сюда (верх)']\")"}], "start": 1722536175296, "stop": 1722536175301}], "parameters": [{"name": "locator1", "value": "('xpath', \".//p[text()= 'Флюоресцентная булка R2-D3']\")"}, {"name": "locator2", "value": "('xpath', \".//span[text()= 'Перетяните булочку сюда (верх)']\")"}], "start": 1722536175286, "stop": 1722536176140}, {"name": "Клик по элементу", "status": "passed", "steps": [{"name": "Поиск элемента", "status": "passed", "parameters": [{"name": "locator", "value": "('xpath', \".//button[text()= 'Оформить заказ']\")"}], "start": 1722536176146, "stop": 1722536176156}], "parameters": [{"name": "locator", "value": "('xpath', \".//button[text()= 'Оформить заказ']\")"}, {"name": "layer_to_wait", "value": "('xpath', \".//*[contains(@class, 'Modal_modal__loading')]/following::div[@class='Modal_modal_overlay__x2ZCr']\")"}], "start": 1722536176140, "stop": 1722536176364}], "start": 1722536175286, "stop": 1722536176364}, {"name": "Звкрытие всплывающего окна с инфо о заказе и переход в Ленту заказов", "status": "broken", "statusDetails": {"message": "selenium.common.exceptions.ElementClickInterceptedException: Message: Element <p class=\"AppHeader_header__linkText__3q_va ml-2\"> is not clickable at point (300,44) because another element <div class=\"Modal_modal__contentBox__sCy8X pt-30 pb-30\"> obscures it\nStacktrace:\nRemoteError@chrome://remote/content/shared/RemoteError.sys.mjs:8:8\nWebDriverError@chrome://remote/content/shared/webdriver/Errors.sys.mjs:193:5\nElementClickInterceptedError@chrome://remote/content/shared/webdriver/Errors.sys.mjs:337:5\nwebdriverClickElement@chrome://remote/content/marionette/interaction.sys.mjs:177:11\ninteraction.clickElement@chrome://remote/content/marionette/interaction.sys.mjs:136:11\nclickElement@chrome://remote/content/marionette/actors/MarionetteCommandsChild.sys.mjs:205:29\nreceiveMessage@chrome://remote/content/marionette/actors/MarionetteCommandsChild.sys.mjs:85:31\n\n", "trace": "  File \"D:\\Projects_git\\Diplom\\Diplom_3\\.venv\\Lib\\site-packages\\allure_commons\\_allure.py\", line 192, in impl\n    return func(*a, **kw)\n           ^^^^^^^^^^^^^^\n  File \"D:\\Projects_git\\Diplom\\Diplom_3\\pages\\order_feed_page.py\", line 55, in go_to_orders_feed_from_order_info\n    self.click_on_element(OrderFeedPageLocator.ORDERS_FEED_BUTTON)\n  File \"D:\\Projects_git\\Diplom\\Diplom_3\\.venv\\Lib\\site-packages\\allure_commons\\_allure.py\", line 192, in impl\n    return func(*a, **kw)\n           ^^^^^^^^^^^^^^\n  File \"D:\\Projects_git\\Diplom\\Diplom_3\\pages\\base_page.py\", line 26, in click_on_element\n    self.wait_and_find_element(locator).click()\n  File \"D:\\Projects_git\\Diplom\\Diplom_3\\.venv\\Lib\\site-packages\\selenium\\webdriver\\remote\\webelement.py\", line 94, in click\n    self._execute(Command.CLICK_ELEMENT)\n  File \"D:\\Projects_git\\Diplom\\Diplom_3\\.venv\\Lib\\site-packages\\selenium\\webdriver\\remote\\webelement.py\", line 395, in _execute\n    return self._parent.execute(command, params)\n           ^^^^^^^^^^^^^^^^^^^^^^^^^^^^^^^^^^^^^\n  File \"D:\\Projects_git\\Diplom\\Diplom_3\\.venv\\Lib\\site-packages\\selenium\\webdriver\\remote\\webdriver.py\", line 354, in execute\n    self.error_handler.check_response(response)\n  File \"D:\\Projects_git\\Diplom\\Diplom_3\\.venv\\Lib\\site-packages\\selenium\\webdriver\\remote\\errorhandler.py\", line 229, in check_response\n    raise exception_class(message, screen, stacktrace)\n"}, "steps": [{"name": "Клик по элементу", "status": "passed", "steps": [{"name": "Поиск элемента", "status": "passed", "parameters": [{"name": "locator", "value": "('xpath', \".//button[@type='button']\")"}], "start": 1722536176364, "stop": 1722536176376}], "parameters": [{"name": "locator", "value": "('xpath', \".//button[@type='button']\")"}, {"name": "layer_to_wait", "value": "None"}], "start": 1722536176364, "stop": 1722536176585}, {"name": "Клик по элементу", "status": "broken", "statusDetails": {"message": "selenium.common.exceptions.ElementClickInterceptedException: Message: Element <p class=\"AppHeader_header__linkText__3q_va ml-2\"> is not clickable at point (300,44) because another element <div class=\"Modal_modal__contentBox__sCy8X pt-30 pb-30\"> obscures it\nStacktrace:\nRemoteError@chrome://remote/content/shared/RemoteError.sys.mjs:8:8\nWebDriverError@chrome://remote/content/shared/webdriver/Errors.sys.mjs:193:5\nElementClickInterceptedError@chrome://remote/content/shared/webdriver/Errors.sys.mjs:337:5\nwebdriverClickElement@chrome://remote/content/marionette/interaction.sys.mjs:177:11\ninteraction.clickElement@chrome://remote/content/marionette/interaction.sys.mjs:136:11\nclickElement@chrome://remote/content/marionette/actors/MarionetteCommandsChild.sys.mjs:205:29\nreceiveMessage@chrome://remote/content/marionette/actors/MarionetteCommandsChild.sys.mjs:85:31\n\n", "trace": "  File \"D:\\Projects_git\\Diplom\\Diplom_3\\.venv\\Lib\\site-packages\\allure_commons\\_allure.py\", line 192, in impl\n    return func(*a, **kw)\n           ^^^^^^^^^^^^^^\n  File \"D:\\Projects_git\\Diplom\\Diplom_3\\pages\\base_page.py\", line 26, in click_on_element\n    self.wait_and_find_element(locator).click()\n  File \"D:\\Projects_git\\Diplom\\Diplom_3\\.venv\\Lib\\site-packages\\selenium\\webdriver\\remote\\webelement.py\", line 94, in click\n    self._execute(Command.CLICK_ELEMENT)\n  File \"D:\\Projects_git\\Diplom\\Diplom_3\\.venv\\Lib\\site-packages\\selenium\\webdriver\\remote\\webelement.py\", line 395, in _execute\n    return self._parent.execute(command, params)\n           ^^^^^^^^^^^^^^^^^^^^^^^^^^^^^^^^^^^^^\n  File \"D:\\Projects_git\\Diplom\\Diplom_3\\.venv\\Lib\\site-packages\\selenium\\webdriver\\remote\\webdriver.py\", line 354, in execute\n    self.error_handler.check_response(response)\n  File \"D:\\Projects_git\\Diplom\\Diplom_3\\.venv\\Lib\\site-packages\\selenium\\webdriver\\remote\\errorhandler.py\", line 229, in check_response\n    raise exception_class(message, screen, stacktrace)\n"}, "steps": [{"name": "Поиск элемента", "status": "passed", "parameters": [{"name": "locator", "value": "('xpath', \".//p[text()= 'Лента Заказов']\")"}], "start": 1722536176585, "stop": 1722536176594}], "parameters": [{"name": "locator", "value": "('xpath', \".//p[text()= 'Лента Заказов']\")"}, {"name": "layer_to_wait", "value": "None"}], "start": 1722536176585, "stop": 1722536176596}], "start": 1722536176364, "stop": 1722536176598}], "parameters": [{"name": "any_driver", "value": "'driver_firefox'"}], "start": 1722536166561, "stop": 1722536176599, "uuid": "d1367888-7aaf-467b-bf59-66334c58b31f", "historyId": "992fa22d142b870cc3ceeeb0e66f5be2", "testCaseId": "8ed7df6651bb76e89375308b38d47e22", "fullName": "tests.test_order_feed_page.TestOrderFeed#test_counter_all_time", "labels": [{"name": "parentSuite", "value": "tests"}, {"name": "suite", "value": "test_order_feed_page"}, {"name": "subSuite", "value": "TestOrderFeed"}, {"name": "host", "value": "InnaNB"}, {"name": "thread", "value": "7524-MainThread"}, {"name": "framework", "value": "pytest"}, {"name": "language", "value": "cpython3"}, {"name": "package", "value": "tests.test_order_feed_page"}]}