{"name": "Проверка увеличения счетчика заказов, выполненных за все время\"", "status": "broken", "statusDetails": {"message": "selenium.common.exceptions.ElementClickInterceptedException: Message: element click intercepted: Element <button type=\"button\" class=\"Modal_modal__close_modified__3V5XS Modal_modal__close__TnseK\">...</button> is not clickable at point (934, 72). Other element would receive the click: <div class=\"Modal_modal_overlay__x2ZCr\"></div>\n  (Session info: chrome=127.0.6533.88)\nStacktrace:\n\tGetHandleVerifier [0x00007FF790419632+30946]\n\t(No symbol) [0x00007FF7903CE3C9]\n\t(No symbol) [0x00007FF7902C6FDA]\n\t(No symbol) [0x00007FF79031FEEE]\n\t(No symbol) [0x00007FF79031D962]\n\t(No symbol) [0x00007FF79031AE7B]\n\t(No symbol) [0x00007FF79031A095]\n\t(No symbol) [0x00007FF79030C271]\n\t(No symbol) [0x00007FF79033CA6A]\n\t(No symbol) [0x00007FF79030BBB6]\n\t(No symbol) [0x00007FF79033CC80]\n\t(No symbol) [0x00007FF79035B041]\n\t(No symbol) [0x00007FF79033C813]\n\t(No symbol) [0x00007FF79030A6E5]\n\t(No symbol) [0x00007FF79030B021]\n\tGetHandleVerifier [0x00007FF79054F83D+1301229]\n\tGetHandleVerifier [0x00007FF79055BDB7+1351783]\n\tGetHandleVerifier [0x00007FF790552A03+1313971]\n\tGetHandleVerifier [0x00007FF79044DD06+245686]\n\t(No symbol) [0x00007FF7903D758F]\n\t(No symbol) [0x00007FF7903D3804]\n\t(No symbol) [0x00007FF7903D3992]\n\t(No symbol) [0x00007FF7903CA3EF]\n\tBaseThreadInitThunk [0x00007FFDB5E3257D+29]\n\tRtlUserThreadStart [0x00007FFDB63AAF28+40]", "trace": "self = <test_order_feed_page.TestOrderFeed object at 0x00000166F19FFDA0>, request = <FixtureRequest for <Function test_counter_all_time[driver_chrome]>>\nany_driver = 'driver_chrome'\n\n    @allure.title('Проверка увеличения счетчика заказов, выполненных за все время\"')\n    @allure.description('Логинимся, оформляем заказ, проверяем что счетчик заказов за все время \\\n                                увеличился на 1')\n    @pytest.mark.parametrize('any_driver', ['driver_firefox', 'driver_chrome'])\n    def test_counter_all_time(self, request, any_driver):\n        driver = request.getfixturevalue(any_driver)\n        order_feed_page = OrdersFeedPage(driver)\n        order_feed_page.login()\n        order_feed_page.go_to_order_feed()\n        before = order_feed_page.get_count_all_time()\n        order_feed_page.go_to_constructor()\n        order_feed_page.create_order()\n>       order_feed_page.go_to_orders_feed_from_order_info()\n\ntests\\test_order_feed_page.py:41: \n_ _ _ _ _ _ _ _ _ _ _ _ _ _ _ _ _ _ _ _ _ _ _ _ _ _ _ _ _ _ _ _ _ _ _ _ _ _ _ _ _ _ _ _ _ _ _ _ _ _ _ _ _ _ _ _ _ _ _ _ _ _ _ _ _ _ _ _ _ _ _ _ _ _ _ _ _ _ _ _ _ _ _ _ _ _ _ _ _ _\npages\\order_feed_page.py:54: in go_to_orders_feed_from_order_info\n    self.click_on_element(OrderFeedPageLocator.CLOSE_BUTTON)\npages\\base_page.py:26: in click_on_element\n    self.wait_and_find_element(locator).click()\n.venv\\Lib\\site-packages\\selenium\\webdriver\\remote\\webelement.py:94: in click\n    self._execute(Command.CLICK_ELEMENT)\n.venv\\Lib\\site-packages\\selenium\\webdriver\\remote\\webelement.py:395: in _execute\n    return self._parent.execute(command, params)\n.venv\\Lib\\site-packages\\selenium\\webdriver\\remote\\webdriver.py:354: in execute\n    self.error_handler.check_response(response)\n_ _ _ _ _ _ _ _ _ _ _ _ _ _ _ _ _ _ _ _ _ _ _ _ _ _ _ _ _ _ _ _ _ _ _ _ _ _ _ _ _ _ _ _ _ _ _ _ _ _ _ _ _ _ _ _ _ _ _ _ _ _ _ _ _ _ _ _ _ _ _ _ _ _ _ _ _ _ _ _ _ _ _ _ _ _ _ _ _ _\n\nself = <selenium.webdriver.remote.errorhandler.ErrorHandler object at 0x00000166F1A6C530>\nresponse = {'status': 400, 'value': '{\"value\":{\"error\":\"element click intercepted\",\"message\":\"element click intercepted: Element ...07FF7903CA3EF]\\\\n\\\\tBaseThreadInitThunk [0x00007FFDB5E3257D+29]\\\\n\\\\tRtlUserThreadStart [0x00007FFDB63AAF28+40]\\\\n\"}}'}\n\n    def check_response(self, response: Dict[str, Any]) -> None:\n        \"\"\"Checks that a JSON response from the WebDriver does not have an\n        error.\n    \n        :Args:\n         - response - The JSON response from the WebDriver server as a dictionary\n           object.\n    \n        :Raises: If the response contains an error message.\n        \"\"\"\n        status = response.get(\"status\", None)\n        if not status or status == ErrorCode.SUCCESS:\n            return\n        value = None\n        message = response.get(\"message\", \"\")\n        screen: str = response.get(\"screen\", \"\")\n        stacktrace = None\n        if isinstance(status, int):\n            value_json = response.get(\"value\", None)\n            if value_json and isinstance(value_json, str):\n                import json\n    \n                try:\n                    value = json.loads(value_json)\n                    if len(value) == 1:\n                        value = value[\"value\"]\n                    status = value.get(\"error\", None)\n                    if not status:\n                        status = value.get(\"status\", ErrorCode.UNKNOWN_ERROR)\n                        message = value.get(\"value\") or value.get(\"message\")\n                        if not isinstance(message, str):\n                            value = message\n                            message = message.get(\"message\")\n                    else:\n                        message = value.get(\"message\", None)\n                except ValueError:\n                    pass\n    \n        exception_class: Type[WebDriverException]\n        e = ErrorCode()\n        error_codes = [item for item in dir(e) if not item.startswith(\"__\")]\n        for error_code in error_codes:\n            error_info = getattr(ErrorCode, error_code)\n            if isinstance(error_info, list) and status in error_info:\n                exception_class = getattr(ExceptionMapping, error_code, WebDriverException)\n                break\n        else:\n            exception_class = WebDriverException\n    \n        if not value:\n            value = response[\"value\"]\n        if isinstance(value, str):\n            raise exception_class(value)\n        if message == \"\" and \"message\" in value:\n            message = value[\"message\"]\n    \n        screen = None  # type: ignore[assignment]\n        if \"screen\" in value:\n            screen = value[\"screen\"]\n    \n        stacktrace = None\n        st_value = value.get(\"stackTrace\") or value.get(\"stacktrace\")\n        if st_value:\n            if isinstance(st_value, str):\n                stacktrace = st_value.split(\"\\n\")\n            else:\n                stacktrace = []\n                try:\n                    for frame in st_value:\n                        line = frame.get(\"lineNumber\", \"\")\n                        file = frame.get(\"fileName\", \"<anonymous>\")\n                        if line:\n                            file = f\"{file}:{line}\"\n                        meth = frame.get(\"methodName\", \"<anonymous>\")\n                        if \"className\" in frame:\n                            meth = f\"{frame['className']}.{meth}\"\n                        msg = \"    at %s (%s)\"\n                        msg = msg % (meth, file)\n                        stacktrace.append(msg)\n                except TypeError:\n                    pass\n        if exception_class == UnexpectedAlertPresentException:\n            alert_text = None\n            if \"data\" in value:\n                alert_text = value[\"data\"].get(\"text\")\n            elif \"alert\" in value:\n                alert_text = value[\"alert\"].get(\"text\")\n            raise exception_class(message, screen, stacktrace, alert_text)  # type: ignore[call-arg]  # mypy is not smart enough here\n>       raise exception_class(message, screen, stacktrace)\nE       selenium.common.exceptions.ElementClickInterceptedException: Message: element click intercepted: Element <button type=\"button\" class=\"Modal_modal__close_modified__3V5XS Modal_modal__close__TnseK\">...</button> is not clickable at point (934, 72). Other element would receive the click: <div class=\"Modal_modal_overlay__x2ZCr\"></div>\nE         (Session info: chrome=127.0.6533.88)\nE       Stacktrace:\nE       \tGetHandleVerifier [0x00007FF790419632+30946]\nE       \t(No symbol) [0x00007FF7903CE3C9]\nE       \t(No symbol) [0x00007FF7902C6FDA]\nE       \t(No symbol) [0x00007FF79031FEEE]\nE       \t(No symbol) [0x00007FF79031D962]\nE       \t(No symbol) [0x00007FF79031AE7B]\nE       \t(No symbol) [0x00007FF79031A095]\nE       \t(No symbol) [0x00007FF79030C271]\nE       \t(No symbol) [0x00007FF79033CA6A]\nE       \t(No symbol) [0x00007FF79030BBB6]\nE       \t(No symbol) [0x00007FF79033CC80]\nE       \t(No symbol) [0x00007FF79035B041]\nE       \t(No symbol) [0x00007FF79033C813]\nE       \t(No symbol) [0x00007FF79030A6E5]\nE       \t(No symbol) [0x00007FF79030B021]\nE       \tGetHandleVerifier [0x00007FF79054F83D+1301229]\nE       \tGetHandleVerifier [0x00007FF79055BDB7+1351783]\nE       \tGetHandleVerifier [0x00007FF790552A03+1313971]\nE       \tGetHandleVerifier [0x00007FF79044DD06+245686]\nE       \t(No symbol) [0x00007FF7903D758F]\nE       \t(No symbol) [0x00007FF7903D3804]\nE       \t(No symbol) [0x00007FF7903D3992]\nE       \t(No symbol) [0x00007FF7903CA3EF]\nE       \tBaseThreadInitThunk [0x00007FFDB5E3257D+29]\nE       \tRtlUserThreadStart [0x00007FFDB63AAF28+40]\n\n.venv\\Lib\\site-packages\\selenium\\webdriver\\remote\\errorhandler.py:229: ElementClickInterceptedException"}, "description": "Логинимся, оформляем заказ, проверяем что счетчик заказов за все время                                 увеличился на 1", "steps": [{"name": "Переход на страницу авторизации, ввод почты и пароля, авторизация", "status": "passed", "steps": [{"name": "Клик по элементу", "status": "passed", "steps": [{"name": "Поиск элемента", "status": "passed", "parameters": [{"name": "locator", "value": "('xpath', \".//button[text()= 'Войти в аккаунт']\")"}], "start": 1722536182163, "stop": 1722536182182}], "parameters": [{"name": "locator", "value": "('xpath', \".//button[text()= 'Войти в аккаунт']\")"}, {"name": "layer_to_wait", "value": "('xpath', \".//*[contains(@class, 'Modal_modal__loading')]/following::div[@class='Modal_modal_overlay__x2ZCr']\")"}], "start": 1722536181626, "stop": 1722536182215}, {"name": "Добавить текст в поле элемента", "status": "passed", "steps": [{"name": "Поиск элемента", "status": "passed", "parameters": [{"name": "locator", "value": "('xpath', \".//label[text()= 'Email']/parent::div/input\")"}], "start": 1722536182215, "stop": 1722536182233}], "parameters": [{"name": "locator", "value": "('xpath', \".//label[text()= 'Email']/parent::div/input\")"}, {"name": "text", "value": "'inna_kalacheva_diplom@yandex.ru'"}], "start": 1722536182215, "stop": 1722536182316}, {"name": "Добавить текст в поле элемента", "status": "passed", "steps": [{"name": "Поиск элемента", "status": "passed", "parameters": [{"name": "locator", "value": "('xpath', \".//label[text()= 'Пароль']/parent::div/input\")"}], "start": 1722536182316, "stop": 1722536182337}], "parameters": [{"name": "locator", "value": "('xpath', \".//label[text()= 'Пароль']/parent::div/input\")"}, {"name": "text", "value": "'diplom_3'"}], "start": 1722536182316, "stop": 1722536182375}, {"name": "Клик по элементу", "status": "passed", "steps": [{"name": "Поиск элемента", "status": "passed", "parameters": [{"name": "locator", "value": "('xpath', \"//button[text()= 'Войти']\")"}], "start": 1722536182384, "stop": 1722536182403}], "parameters": [{"name": "locator", "value": "('xpath', \"//button[text()= 'Войти']\")"}, {"name": "layer_to_wait", "value": "('xpath', \".//*[contains(@class, 'Modal_modal__loading')]/following::div[@class='Modal_modal_overlay__x2ZCr']\")"}], "start": 1722536182375, "stop": 1722536182425}], "start": 1722536181626, "stop": 1722536182425}, {"name": "Переход на старницу Лента заказов", "status": "passed", "steps": [{"name": "Клик по элементу", "status": "passed", "steps": [{"name": "Поиск элемента", "status": "passed", "parameters": [{"name": "locator", "value": "('xpath', \".//p[text()= 'Лента Заказов']\")"}], "start": 1722536182437, "stop": 1722536182454}], "parameters": [{"name": "locator", "value": "('xpath', \".//p[text()= 'Лента Заказов']\")"}, {"name": "layer_to_wait", "value": "('xpath', \".//*[contains(@class, 'Modal_modal__loading')]/following::div[@class='Modal_modal_overlay__x2ZCr']\")"}], "start": 1722536182425, "stop": 1722536182932}], "start": 1722536182425, "stop": 1722536182932}, {"name": "Получение количества заказов за все время", "status": "passed", "steps": [{"name": "Получение текста элемента", "status": "passed", "steps": [{"name": "Поиск элемента", "status": "passed", "parameters": [{"name": "locator", "value": "('xpath', \"//*[text()='Выполнено за все время:']/following-sibling::p\")"}], "start": 1722536182932, "stop": 1722536183477}], "parameters": [{"name": "locator", "value": "('xpath', \"//*[text()='Выполнено за все время:']/following-sibling::p\")"}], "start": 1722536182932, "stop": 1722536183488}], "start": 1722536182932, "stop": 1722536183488}, {"name": "Переход в Конструктор", "status": "passed", "steps": [{"name": "Клик по элементу", "status": "passed", "steps": [{"name": "Поиск элемента", "status": "passed", "parameters": [{"name": "locator", "value": "('xpath', \".//a[contains(@class, 'AppHeader_header__link') and @href= '/']\")"}], "start": 1722536183508, "stop": 1722536183523}], "parameters": [{"name": "locator", "value": "('xpath', \".//a[contains(@class, 'AppHeader_header__link') and @href= '/']\")"}, {"name": "layer_to_wait", "value": "('xpath', \".//*[contains(@class, 'Modal_modal__loading')]/following::div[@class='Modal_modal_overlay__x2ZCr']\")"}], "start": 1722536183488, "stop": 1722536183550}], "start": 1722536183488, "stop": 1722536183550}, {"name": "Добавление ингредиента в корзину,создание заказа", "status": "passed", "steps": [{"name": "Перетаскивание элемента в другой элемент", "status": "passed", "steps": [{"name": "Поиск элемента", "status": "passed", "parameters": [{"name": "locator", "value": "('xpath', \".//p[text()= 'Флюоресцентная булка R2-D3']\")"}], "start": 1722536183551, "stop": 1722536183581}, {"name": "Поиск элемента", "status": "passed", "parameters": [{"name": "locator", "value": "('xpath', \".//span[text()= 'Перетяните булочку сюда (верх)']\")"}], "start": 1722536183581, "stop": 1722536183598}], "parameters": [{"name": "locator1", "value": "('xpath', \".//p[text()= 'Флюоресцентная булка R2-D3']\")"}, {"name": "locator2", "value": "('xpath', \".//span[text()= 'Перетяните булочку сюда (верх)']\")"}], "start": 1722536183550, "stop": 1722536184412}, {"name": "Клик по элементу", "status": "passed", "steps": [{"name": "Поиск элемента", "status": "passed", "parameters": [{"name": "locator", "value": "('xpath', \".//button[text()= 'Оформить заказ']\")"}], "start": 1722536184422, "stop": 1722536184441}], "parameters": [{"name": "locator", "value": "('xpath', \".//button[text()= 'Оформить заказ']\")"}, {"name": "layer_to_wait", "value": "('xpath', \".//*[contains(@class, 'Modal_modal__loading')]/following::div[@class='Modal_modal_overlay__x2ZCr']\")"}], "start": 1722536184413, "stop": 1722536184464}], "start": 1722536183550, "stop": 1722536184464}, {"name": "Звкрытие всплывающего окна с инфо о заказе и переход в Ленту заказов", "status": "broken", "statusDetails": {"message": "selenium.common.exceptions.ElementClickInterceptedException: Message: element click intercepted: Element <button type=\"button\" class=\"Modal_modal__close_modified__3V5XS Modal_modal__close__TnseK\">...</button> is not clickable at point (934, 72). Other element would receive the click: <div class=\"Modal_modal_overlay__x2ZCr\"></div>\n  (Session info: chrome=127.0.6533.88)\nStacktrace:\n\tGetHandleVerifier [0x00007FF790419632+30946]\n\t(No symbol) [0x00007FF7903CE3C9]\n\t(No symbol) [0x00007FF7902C6FDA]\n\t(No symbol) [0x00007FF79031FEEE]\n\t(No symbol) [0x00007FF79031D962]\n\t(No symbol) [0x00007FF79031AE7B]\n\t(No symbol) [0x00007FF79031A095]\n\t(No symbol) [0x00007FF79030C271]\n\t(No symbol) [0x00007FF79033CA6A]\n\t(No symbol) [0x00007FF79030BBB6]\n\t(No symbol) [0x00007FF79033CC80]\n\t(No symbol) [0x00007FF79035B041]\n\t(No symbol) [0x00007FF79033C813]\n\t(No symbol) [0x00007FF79030A6E5]\n\t(No symbol) [0x00007FF79030B021]\n\tGetHandleVerifier [0x00007FF79054F83D+1301229]\n\tGetHandleVerifier [0x00007FF79055BDB7+1351783]\n\tGetHandleVerifier [0x00007FF790552A03+1313971]\n\tGetHandleVerifier [0x00007FF79044DD06+245686]\n\t(No symbol) [0x00007FF7903D758F]\n\t(No symbol) [0x00007FF7903D3804]\n\t(No symbol) [0x00007FF7903D3992]\n\t(No symbol) [0x00007FF7903CA3EF]\n\tBaseThreadInitThunk [0x00007FFDB5E3257D+29]\n\tRtlUserThreadStart [0x00007FFDB63AAF28+40]\n\n", "trace": "  File \"D:\\Projects_git\\Diplom\\Diplom_3\\.venv\\Lib\\site-packages\\allure_commons\\_allure.py\", line 192, in impl\n    return func(*a, **kw)\n           ^^^^^^^^^^^^^^\n  File \"D:\\Projects_git\\Diplom\\Diplom_3\\pages\\order_feed_page.py\", line 54, in go_to_orders_feed_from_order_info\n    self.click_on_element(OrderFeedPageLocator.CLOSE_BUTTON)\n  File \"D:\\Projects_git\\Diplom\\Diplom_3\\.venv\\Lib\\site-packages\\allure_commons\\_allure.py\", line 192, in impl\n    return func(*a, **kw)\n           ^^^^^^^^^^^^^^\n  File \"D:\\Projects_git\\Diplom\\Diplom_3\\pages\\base_page.py\", line 26, in click_on_element\n    self.wait_and_find_element(locator).click()\n  File \"D:\\Projects_git\\Diplom\\Diplom_3\\.venv\\Lib\\site-packages\\selenium\\webdriver\\remote\\webelement.py\", line 94, in click\n    self._execute(Command.CLICK_ELEMENT)\n  File \"D:\\Projects_git\\Diplom\\Diplom_3\\.venv\\Lib\\site-packages\\selenium\\webdriver\\remote\\webelement.py\", line 395, in _execute\n    return self._parent.execute(command, params)\n           ^^^^^^^^^^^^^^^^^^^^^^^^^^^^^^^^^^^^^\n  File \"D:\\Projects_git\\Diplom\\Diplom_3\\.venv\\Lib\\site-packages\\selenium\\webdriver\\remote\\webdriver.py\", line 354, in execute\n    self.error_handler.check_response(response)\n  File \"D:\\Projects_git\\Diplom\\Diplom_3\\.venv\\Lib\\site-packages\\selenium\\webdriver\\remote\\errorhandler.py\", line 229, in check_response\n    raise exception_class(message, screen, stacktrace)\n"}, "steps": [{"name": "Клик по элементу", "status": "broken", "statusDetails": {"message": "selenium.common.exceptions.ElementClickInterceptedException: Message: element click intercepted: Element <button type=\"button\" class=\"Modal_modal__close_modified__3V5XS Modal_modal__close__TnseK\">...</button> is not clickable at point (934, 72). Other element would receive the click: <div class=\"Modal_modal_overlay__x2ZCr\"></div>\n  (Session info: chrome=127.0.6533.88)\nStacktrace:\n\tGetHandleVerifier [0x00007FF790419632+30946]\n\t(No symbol) [0x00007FF7903CE3C9]\n\t(No symbol) [0x00007FF7902C6FDA]\n\t(No symbol) [0x00007FF79031FEEE]\n\t(No symbol) [0x00007FF79031D962]\n\t(No symbol) [0x00007FF79031AE7B]\n\t(No symbol) [0x00007FF79031A095]\n\t(No symbol) [0x00007FF79030C271]\n\t(No symbol) [0x00007FF79033CA6A]\n\t(No symbol) [0x00007FF79030BBB6]\n\t(No symbol) [0x00007FF79033CC80]\n\t(No symbol) [0x00007FF79035B041]\n\t(No symbol) [0x00007FF79033C813]\n\t(No symbol) [0x00007FF79030A6E5]\n\t(No symbol) [0x00007FF79030B021]\n\tGetHandleVerifier [0x00007FF79054F83D+1301229]\n\tGetHandleVerifier [0x00007FF79055BDB7+1351783]\n\tGetHandleVerifier [0x00007FF790552A03+1313971]\n\tGetHandleVerifier [0x00007FF79044DD06+245686]\n\t(No symbol) [0x00007FF7903D758F]\n\t(No symbol) [0x00007FF7903D3804]\n\t(No symbol) [0x00007FF7903D3992]\n\t(No symbol) [0x00007FF7903CA3EF]\n\tBaseThreadInitThunk [0x00007FFDB5E3257D+29]\n\tRtlUserThreadStart [0x00007FFDB63AAF28+40]\n\n", "trace": "  File \"D:\\Projects_git\\Diplom\\Diplom_3\\.venv\\Lib\\site-packages\\allure_commons\\_allure.py\", line 192, in impl\n    return func(*a, **kw)\n           ^^^^^^^^^^^^^^\n  File \"D:\\Projects_git\\Diplom\\Diplom_3\\pages\\base_page.py\", line 26, in click_on_element\n    self.wait_and_find_element(locator).click()\n  File \"D:\\Projects_git\\Diplom\\Diplom_3\\.venv\\Lib\\site-packages\\selenium\\webdriver\\remote\\webelement.py\", line 94, in click\n    self._execute(Command.CLICK_ELEMENT)\n  File \"D:\\Projects_git\\Diplom\\Diplom_3\\.venv\\Lib\\site-packages\\selenium\\webdriver\\remote\\webelement.py\", line 395, in _execute\n    return self._parent.execute(command, params)\n           ^^^^^^^^^^^^^^^^^^^^^^^^^^^^^^^^^^^^^\n  File \"D:\\Projects_git\\Diplom\\Diplom_3\\.venv\\Lib\\site-packages\\selenium\\webdriver\\remote\\webdriver.py\", line 354, in execute\n    self.error_handler.check_response(response)\n  File \"D:\\Projects_git\\Diplom\\Diplom_3\\.venv\\Lib\\site-packages\\selenium\\webdriver\\remote\\errorhandler.py\", line 229, in check_response\n    raise exception_class(message, screen, stacktrace)\n"}, "steps": [{"name": "Поиск элемента", "status": "passed", "parameters": [{"name": "locator", "value": "('xpath', \".//button[@type='button']\")"}], "start": 1722536184465, "stop": 1722536184994}], "parameters": [{"name": "locator", "value": "('xpath', \".//button[@type='button']\")"}, {"name": "layer_to_wait", "value": "None"}], "start": 1722536184465, "stop": 1722536186069}], "start": 1722536184464, "stop": 1722536186069}], "parameters": [{"name": "any_driver", "value": "'driver_chrome'"}], "start": 1722536179381, "stop": 1722536186070, "uuid": "c725343e-1a10-47c2-8d88-1f58a0533987", "historyId": "1b71e0ed480be118a643e9307a5e7d7b", "testCaseId": "8ed7df6651bb76e89375308b38d47e22", "fullName": "tests.test_order_feed_page.TestOrderFeed#test_counter_all_time", "labels": [{"name": "parentSuite", "value": "tests"}, {"name": "suite", "value": "test_order_feed_page"}, {"name": "subSuite", "value": "TestOrderFeed"}, {"name": "host", "value": "InnaNB"}, {"name": "thread", "value": "7524-MainThread"}, {"name": "framework", "value": "pytest"}, {"name": "language", "value": "cpython3"}, {"name": "package", "value": "tests.test_order_feed_page"}]}